[debug] [2025-11-21T15:02:45.653Z] ----------------------------------------------------------------------
[debug] [2025-11-21T15:02:45.654Z] Command:       /home/arthur/.nvm/versions/node/v22.19.0/bin/node /home/arthur/.bun/bin/firebase init hosting
[debug] [2025-11-21T15:02:45.655Z] CLI Version:   14.26.0
[debug] [2025-11-21T15:02:45.655Z] Platform:      linux
[debug] [2025-11-21T15:02:45.655Z] Node Version:  v22.19.0
[debug] [2025-11-21T15:02:45.655Z] Time:          Fri Nov 21 2025 12:02:45 GMT-0300 (Brasilia Standard Time)
[debug] [2025-11-21T15:02:45.655Z] ----------------------------------------------------------------------
[debug] 
[debug] [2025-11-21T15:02:45.656Z] >>> [apiv2][query] GET https://firebase-public.firebaseio.com/cli.json [none]
[info] 
     ######## #### ########  ######## ########     ###     ######  ########
     ##        ##  ##     ## ##       ##     ##  ##   ##  ##       ##
     ######    ##  ########  ######   ########  #########  ######  ######
     ##        ##  ##    ##  ##       ##     ## ##     ##       ## ##
     ##       #### ##     ## ######## ########  ##     ##  ######  ########

You're about to initialize a Firebase project in this directory:

  /home/arthur/dev/linear-time-tracking

[info] 
=== Project Setup
[info] 
[info] First, let's associate this project directory with a Firebase project.
[info] You can create multiple project aliases by running firebase use --add, 
[info] 
[debug] [2025-11-21T15:02:46.031Z] <<< [apiv2][status] GET https://firebase-public.firebaseio.com/cli.json 200
[debug] [2025-11-21T15:02:46.032Z] <<< [apiv2][body] GET https://firebase-public.firebaseio.com/cli.json {"cloudBuildErrorAfter":1594252800000,"cloudBuildWarnAfter":1590019200000,"defaultNode10After":1594252800000,"minVersion":"3.0.5","node8DeploysDisabledAfter":1613390400000,"node8RuntimeDisabledAfter":1615809600000,"node8WarnAfter":1600128000000}
[debug] [2025-11-21T15:02:52.230Z] > command requires scopes: ["email","openid","https://www.googleapis.com/auth/cloudplatformprojects.readonly","https://www.googleapis.com/auth/firebase","https://www.googleapis.com/auth/cloud-platform"]
[debug] [2025-11-21T15:02:52.230Z] > authorizing via signed-in user (arthur.wieb@gmail.com)
[debug] [2025-11-21T15:02:52.231Z] Checked if tokens are valid: false, expires at: 1756820981315
[debug] [2025-11-21T15:02:52.231Z] Checked if tokens are valid: false, expires at: 1756820981315
[debug] [2025-11-21T15:02:52.231Z] > refreshing access token with scopes: []
[debug] [2025-11-21T15:02:52.231Z] >>> [apiv2][query] POST https://www.googleapis.com/oauth2/v3/token [none]
[debug] [2025-11-21T15:02:52.231Z] >>> [apiv2][body] POST https://www.googleapis.com/oauth2/v3/token [omitted]
[debug] [2025-11-21T15:02:52.529Z] <<< [apiv2][status] POST https://www.googleapis.com/oauth2/v3/token 200
[debug] [2025-11-21T15:02:52.530Z] <<< [apiv2][body] POST https://www.googleapis.com/oauth2/v3/token [omitted]
[debug] [2025-11-21T15:02:52.534Z] >>> [apiv2][query] GET https://firebase.googleapis.com/v1beta1/projects pageSize=100
[debug] [2025-11-21T15:02:53.426Z] <<< [apiv2][status] GET https://firebase.googleapis.com/v1beta1/projects 200
[debug] [2025-11-21T15:02:53.426Z] <<< [apiv2][body] GET https://firebase.googleapis.com/v1beta1/projects [omitted]
[info] 
=== Hosting Setup
[debug] [2025-11-21T15:02:56.801Z] Checked if tokens are valid: true, expires at: 1763740971530
[debug] [2025-11-21T15:02:56.801Z] Checked if tokens are valid: true, expires at: 1763740971530
[debug] [2025-11-21T15:02:56.801Z] >>> [apiv2][query] GET https://firebase.googleapis.com/v1beta1/projects/time-track-app-hypercash [none]
[debug] [2025-11-21T15:02:57.122Z] <<< [apiv2][status] GET https://firebase.googleapis.com/v1beta1/projects/time-track-app-hypercash 200
[debug] [2025-11-21T15:02:57.122Z] <<< [apiv2][body] GET https://firebase.googleapis.com/v1beta1/projects/time-track-app-hypercash {"projectId":"time-track-app-hypercash","projectNumber":"202364503338","displayName":"time-track-app-hypercash","name":"projects/time-track-app-hypercash","resources":{"hostingSite":"time-track-app-hypercash"},"state":"ACTIVE","etag":"1_1d2a20e4-01aa-4941-8ebf-ebe44e9352b0"}
[info] 
[info] Your public directory is the folder (relative to your project directory) that
[info] will contain Hosting assets to be uploaded with firebase deploy. If you
[info] have a build process for your assets, use your build's output directory.
[info] 
[info] 
[info] i  Detected a .git folder at /home/arthur/dev/linear-time-tracking 
[info] i  Authorizing with GitHub to upload your service account to a GitHub repository's secrets store. 
[info] 
[info] Visit this URL on this device to log in:
[info] https://github.com/login/oauth/authorize?client_id=89cf50f02ac6aaed3484&state=955509762&redirect_uri=http%3A%2F%2Flocalhost%3A9005&scope=read%3Auser%20repo%20public_repo
[info] 
[info] Waiting for authentication...
[debug] [2025-11-21T15:03:38.392Z] ----------------------------------------------------------------------
[debug] [2025-11-21T15:03:38.393Z] Command:       /home/arthur/.nvm/versions/node/v22.19.0/bin/node /home/arthur/.bun/bin/firebase init hosting
[debug] [2025-11-21T15:03:38.393Z] CLI Version:   14.26.0
[debug] [2025-11-21T15:03:38.393Z] Platform:      linux
[debug] [2025-11-21T15:03:38.393Z] Node Version:  v22.19.0
[debug] [2025-11-21T15:03:38.394Z] Time:          Fri Nov 21 2025 12:03:38 GMT-0300 (Brasilia Standard Time)
[debug] [2025-11-21T15:03:38.394Z] ----------------------------------------------------------------------
[debug] 
[info] 
     ######## #### ########  ######## ########     ###     ######  ########
     ##        ##  ##     ## ##       ##     ##  ##   ##  ##       ##
     ######    ##  ########  ######   ########  #########  ######  ######
     ##        ##  ##    ##  ##       ##     ## ##     ##       ## ##
     ##       #### ##     ## ######## ########  ##     ##  ######  ########

You're about to initialize a Firebase project in this directory:

  /home/arthur/dev/linear-time-tracking

[info] 
=== Project Setup
[info] 
[info] First, let's associate this project directory with a Firebase project.
[info] You can create multiple project aliases by running firebase use --add, 
[info] 
[debug] [2025-11-21T15:03:38.398Z] > command requires scopes: ["email","openid","https://www.googleapis.com/auth/cloudplatformprojects.readonly","https://www.googleapis.com/auth/firebase","https://www.googleapis.com/auth/cloud-platform"]
[debug] [2025-11-21T15:03:38.398Z] > authorizing via signed-in user (arthur.wieb@gmail.com)
[debug] [2025-11-21T15:03:38.399Z] Checked if tokens are valid: true, expires at: 1763740971530
[debug] [2025-11-21T15:03:38.399Z] Checked if tokens are valid: true, expires at: 1763740971530
[debug] [2025-11-21T15:03:38.399Z] >>> [apiv2][query] GET https://firebase.googleapis.com/v1beta1/projects/time-track-app-hypercash [none]
[debug] [2025-11-21T15:03:39.026Z] <<< [apiv2][status] GET https://firebase.googleapis.com/v1beta1/projects/time-track-app-hypercash 200
[debug] [2025-11-21T15:03:39.026Z] <<< [apiv2][body] GET https://firebase.googleapis.com/v1beta1/projects/time-track-app-hypercash {"projectId":"time-track-app-hypercash","projectNumber":"202364503338","displayName":"time-track-app-hypercash","name":"projects/time-track-app-hypercash","resources":{"hostingSite":"time-track-app-hypercash"},"state":"ACTIVE","etag":"1_1d2a20e4-01aa-4941-8ebf-ebe44e9352b0"}
[info] i  Using project time-track-app-hypercash (time-track-app-hypercash) . 
[info] 
=== Hosting Setup
[debug] [2025-11-21T15:03:39.031Z] Checked if tokens are valid: true, expires at: 1763740971530
[debug] [2025-11-21T15:03:39.031Z] Checked if tokens are valid: true, expires at: 1763740971530
[debug] [2025-11-21T15:03:39.031Z] >>> [apiv2][query] GET https://firebase.googleapis.com/v1beta1/projects/time-track-app-hypercash [none]
[debug] [2025-11-21T15:03:39.335Z] <<< [apiv2][status] GET https://firebase.googleapis.com/v1beta1/projects/time-track-app-hypercash 200
[debug] [2025-11-21T15:03:39.335Z] <<< [apiv2][body] GET https://firebase.googleapis.com/v1beta1/projects/time-track-app-hypercash {"projectId":"time-track-app-hypercash","projectNumber":"202364503338","displayName":"time-track-app-hypercash","name":"projects/time-track-app-hypercash","resources":{"hostingSite":"time-track-app-hypercash"},"state":"ACTIVE","etag":"1_1d2a20e4-01aa-4941-8ebf-ebe44e9352b0"}
[info] 
[info] Your public directory is the folder (relative to your project directory) that
[info] will contain Hosting assets to be uploaded with firebase deploy. If you
[info] have a build process for your assets, use your build's output directory.
[info] 
[debug] [2025-11-21T15:03:53.426Z] ExitPromptError: User force closed the prompt with SIGINT
    at Interface.sigint (/home/arthur/.bun/install/global/node_modules/@inquirer/core/dist/commonjs/lib/create-prompt.js:101:37)
    at Interface.emit (node:events:519:28)
    at Interface.emit (node:domain:489:12)
    at [_ttyWrite] [as _ttyWrite] (node:internal/readline/interface:1132:18)
    at ReadStream.onkeypress (node:internal/readline/interface:271:20)
    at ReadStream.emit (node:events:531:35)
    at ReadStream.emit (node:domain:489:12)
    at emitKeys (node:internal/readline/utils:370:14)
    at emitKeys.next (<anonymous>)
    at ReadStream.onData (node:internal/readline/emitKeypressEvents:64:36)
[error] 
[error] Error: An unexpected error has occurred.
